# JRE version: OpenJDK Runtime Environment (11.0.8+10) (build 11.0.8+10-b944.6842174)
# Java VM: OpenJDK 64-Bit Server VM (11.0.8+10-b944.6842174, mixed mode, tiered, compressed oops, g1 gc, windows-amd64)
Heap:
 garbage-first heap   total 157696K, used 86087K [0x0000000080000000, 0x0000000100000000)
  region size 1024K, 15 young (15360K), 1 survivors (1024K)
 Metaspace       used 113163K, capacity 116029K, committed 116300K, reserved 1150976K
  class space    used 14050K, capacity 15080K, committed 15180K, reserved 1048576K
GC Heap History (20 events):
Event: 12132.517 GC heap before
{Heap before GC invocations=59 (full 0):
 garbage-first heap   total 157696K, used 122917K [0x0000000080000000, 0x0000000100000000)
  region size 1024K, 40 young (40960K), 1 survivors (1024K)
 Metaspace       used 112637K, capacity 115467K, committed 115788K, reserved 1150976K
  class space    used 14029K, capacity 15046K, committed 15180K, reserved 1048576K
}
Event: 12132.520 GC heap after
{Heap after GC invocations=60 (full 0):
 garbage-first heap   total 157696K, used 75403K [0x0000000080000000, 0x0000000100000000)
  region size 1024K, 1 young (1024K), 1 survivors (1024K)
 Metaspace       used 112637K, capacity 115467K, committed 115788K, reserved 1150976K
  class space    used 14029K, capacity 15046K, committed 15180K, reserved 1048576K
}
Event: 12132.663 GC heap before
{Heap before GC invocations=60 (full 0):
 garbage-first heap   total 157696K, used 118411K [0x0000000080000000, 0x0000000100000000)
  region size 1024K, 43 young (44032K), 1 survivors (1024K)
 Metaspace       used 112637K, capacity 115467K, committed 115788K, reserved 1150976K
  class space    used 14029K, capacity 15046K, committed 15180K, reserved 1048576K
}
Event: 12132.666 GC heap after
{Heap after GC invocations=61 (full 0):
 garbage-first heap   total 157696K, used 75365K [0x0000000080000000, 0x0000000100000000)
  region size 1024K, 1 young (1024K), 1 survivors (1024K)
 Metaspace       used 112637K, capacity 115467K, committed 115788K, reserved 1150976K
  class space    used 14029K, capacity 15046K, committed 15180K, reserved 1048576K
}
Event: 12142.227 GC heap before
{Heap before GC invocations=62 (full 0):
 garbage-first heap   total 157696K, used 120421K [0x0000000080000000, 0x0000000100000000)
  region size 1024K, 46 young (47104K), 1 survivors (1024K)
 Metaspace       used 112063K, capacity 114560K, committed 115788K, reserved 1150976K
  class space    used 13920K, capacity 14847K, committed 15180K, reserved 1048576K
}
Event: 12142.229 GC heap after
{Heap after GC invocations=63 (full 0):
 garbage-first heap   total 157696K, used 75366K [0x0000000080000000, 0x0000000100000000)
  region size 1024K, 1 young (1024K), 1 survivors (1024K)
 Metaspace       used 112063K, capacity 114560K, committed 115788K, reserved 1150976K
  class space    used 13920K, capacity 14847K, committed 15180K, reserved 1048576K
}
Event: 12142.401 GC heap before
{Heap before GC invocations=63 (full 0):
 garbage-first heap   total 157696K, used 80486K [0x0000000080000000, 0x0000000100000000)
  region size 1024K, 7 young (7168K), 1 survivors (1024K)
 Metaspace       used 112063K, capacity 114560K, committed 115788K, reserved 1150976K
  class space    used 13920K, capacity 14847K, committed 15180K, reserved 1048576K
}
Event: 12142.416 GC heap after
{Heap after GC invocations=64 (full 0):
 garbage-first heap   total 157696K, used 69107K [0x0000000080000000, 0x0000000100000000)
  region size 1024K, 1 young (1024K), 1 survivors (1024K)
 Metaspace       used 112063K, capacity 114560K, committed 115788K, reserved 1150976K
  class space    used 13920K, capacity 14847K, committed 15180K, reserved 1048576K
}
Event: 12913.987 GC heap before
{Heap before GC invocations=64 (full 0):
 garbage-first heap   total 157696K, used 122355K [0x0000000080000000, 0x0000000100000000)
  region size 1024K, 53 young (54272K), 1 survivors (1024K)
 Metaspace       used 112277K, capacity 114838K, committed 115788K, reserved 1150976K
  class space    used 13955K, capacity 14914K, committed 15180K, reserved 1048576K
}
Event: 12914.012 GC heap after
{Heap after GC invocations=65 (full 0):
 garbage-first heap   total 157696K, used 71143K [0x0000000080000000, 0x0000000100000000)
  region size 1024K, 3 young (3072K), 3 survivors (3072K)
 Metaspace       used 112277K, capacity 114838K, committed 115788K, reserved 1150976K
  class space    used 13955K, capacity 14914K, committed 15180K, reserved 1048576K
}
Event: 12915.003 GC heap before
{Heap before GC invocations=66 (full 0):
 garbage-first heap   total 157696K, used 124391K [0x0000000080000000, 0x0000000100000000)
  region size 1024K, 55 young (56320K), 3 survivors (3072K)
 Metaspace       used 112720K, capacity 115485K, committed 115788K, reserved 1150976K
  class space    used 14032K, capacity 15049K, committed 15180K, reserved 1048576K
}
Event: 12915.019 GC heap after
{Heap after GC invocations=67 (full 0):
 garbage-first heap   total 157696K, used 75907K [0x0000000080000000, 0x0000000100000000)
  region size 1024K, 7 young (7168K), 7 survivors (7168K)
 Metaspace       used 112720K, capacity 115485K, committed 115788K, reserved 1150976K
  class space    used 14032K, capacity 15049K, committed 15180K, reserved 1048576K
}
Event: 12915.025 GC heap before
{Heap before GC invocations=67 (full 0):
 garbage-first heap   total 157696K, used 76931K [0x0000000080000000, 0x0000000100000000)
  region size 1024K, 8 young (8192K), 7 survivors (7168K)
 Metaspace       used 112720K, capacity 115485K, committed 115788K, reserved 1150976K
  class space    used 14032K, capacity 15049K, committed 15180K, reserved 1048576K
}
Event: 12915.065 GC heap after
{Heap after GC invocations=68 (full 0):
 garbage-first heap   total 157696K, used 76043K [0x0000000080000000, 0x0000000100000000)
  region size 1024K, 1 young (1024K), 1 survivors (1024K)
 Metaspace       used 112720K, capacity 115485K, committed 115788K, reserved 1150976K
  class space    used 14032K, capacity 15049K, committed 15180K, reserved 1048576K
}
Event: 12915.479 GC heap before
{Heap before GC invocations=68 (full 0):
 garbage-first heap   total 157696K, used 101643K [0x0000000080000000, 0x0000000100000000)
  region size 1024K, 28 young (28672K), 1 survivors (1024K)
 Metaspace       used 112805K, capacity 115666K, committed 116044K, reserved 1150976K
  class space    used 14037K, capacity 15058K, committed 15180K, reserved 1048576K
}
Event: 12915.491 GC heap after
{Heap after GC invocations=69 (full 0):
 garbage-first heap   total 157696K, used 77220K [0x0000000080000000, 0x0000000100000000)
  region size 1024K, 2 young (2048K), 2 survivors (2048K)
 Metaspace       used 112805K, capacity 115666K, committed 116044K, reserved 1150976K
  class space    used 14037K, capacity 15058K, committed 15180K, reserved 1048576K
}
Event: 12916.313 GC heap before
{Heap before GC invocations=70 (full 0):
 garbage-first heap   total 157696K, used 129444K [0x0000000080000000, 0x0000000100000000)
  region size 1024K, 51 young (52224K), 2 survivors (2048K)
 Metaspace       used 112930K, capacity 115742K, committed 116044K, reserved 1150976K
  class space    used 14038K, capacity 15060K, committed 15180K, reserved 1048576K
}
Event: 12916.321 GC heap after
{Heap after GC invocations=71 (full 0):
 garbage-first heap   total 157696K, used 79618K [0x0000000080000000, 0x0000000100000000)
  region size 1024K, 3 young (3072K), 3 survivors (3072K)
 Metaspace       used 112930K, capacity 115742K, committed 116044K, reserved 1150976K
  class space    used 14038K, capacity 15060K, committed 15180K, reserved 1048576K
}
Event: 12916.341 GC heap before
{Heap before GC invocations=71 (full 0):
 garbage-first heap   total 157696K, used 82690K [0x0000000080000000, 0x0000000100000000)
  region size 1024K, 7 young (7168K), 3 survivors (3072K)
 Metaspace       used 112930K, capacity 115742K, committed 116044K, reserved 1150976K
  class space    used 14038K, capacity 15060K, committed 15180K, reserved 1048576K
}
Event: 12916.354 GC heap after
{Heap after GC invocations=72 (full 0):
 garbage-first heap   total 157696K, used 72775K [0x0000000080000000, 0x0000000100000000)
  region size 1024K, 1 young (1024K), 1 survivors (1024K)
 Metaspace       used 112930K, capacity 115742K, committed 116044K, reserved 1150976K
  class space    used 14038K, capacity 15060K, committed 15180K, reserved 1048576K
}

